
ROM used:   1056/8192 (13%)
            1056/8192 (13%) including unused fragments

            1.3 Average locations per line
            62.1 Average locations per statement

RAM used:   9/368 (2%) at main() level
            37/368 (10%) worst case

Stack used: 2 worst case (2 in main + 0 for interrupts)
Stack size: 8

Lines Stmts  %   Files
----- ----- ---  -----
   30    17 100  main.c
   11     0   0  main.h
  768     0   0  ..\..\..\..\Program Files (x86)\PICC\Devices\16F887.h
----- -----
  809    17 Total

Page ROM  %  RAM   Vol Diff  Functions:
---- --- --- ---   --- ----  ----------
0     21   2    1             @delay_ms1
0    273  26    4   540  4.1  main
0     29   3    2             @ITOF
0    117  11   13             @MULFF
0    202  19   14             @DIVFF
0      7   1    0             @const635
0     89   8    5             @PSTRINGCN7_9600_62_63
 Inline         5             @FTOSD
0     79   7   13             @DIV3232
0    228  22   13             @PRINTF_L32D_9600_62_63FPFPF
0      7   1    0             @const646
 Inline         0             @cinit1

Program metrics:
    Functions               1
    Statements              17
    Comments                142
    Volume (V)              564
    Difficulty (D)          3.3
    Effort to implement (E) 1882
    Time to implement (T)   2 minutes
    Est Delivered Bugs (B)  0
    Cyclomatic Complexity   1
    Maintainability (MI)    73

 Segment     Used  Free
-----------  ----  ----
00000-00003     4  0  
00004-007FF  1052  992  
00800-00FFF     0  2048  
01000-017FF     0  2048  
01800-01FFF     0  2048  



